<?xml version="1.0" encoding="UTF-8" ?>
<testsuite errors="0" failures="1" hostname="Serah.local" name="gtunes.SongControllerTests" tests="1" time="0.45" timestamp="2014-01-30T09:30:55">
  <properties />
  <testcase classname="gtunes.SongControllerTests" name="testSomething" time="0.301">
    <failure message="junit.framework.AssertionFailedError: Implement me" type="junit.framework.AssertionFailedError">junit.framework.AssertionFailedError: junit.framework.AssertionFailedError: Implement me
	at gtunes.SongControllerTests.testSomething(SongControllerTests.groovy:15)
</failure>
  </testcase>
  <system-out><![CDATA[--Output from testSomething--
]]></system-out>
  <system-err><![CDATA[--Output from testSomething--
]]></system-err>
</testsuite>
