<?xml version="1.0" encoding="UTF-8" ?>
<testsuite errors="0" failures="1" hostname="Serah.local" name="gtunes.AlbumControllerTests" tests="1" time="2.168" timestamp="2014-01-30T09:30:52">
  <properties />
  <testcase classname="gtunes.AlbumControllerTests" name="testSomething" time="1.834">
    <failure message="junit.framework.AssertionFailedError: Implement me" type="junit.framework.AssertionFailedError">junit.framework.AssertionFailedError: junit.framework.AssertionFailedError: Implement me
	at gtunes.AlbumControllerTests.testSomething(AlbumControllerTests.groovy:15)
</failure>
  </testcase>
  <system-out><![CDATA[--Output from testSomething--
]]></system-out>
  <system-err><![CDATA[--Output from testSomething--
]]></system-err>
</testsuite>
