<?xml version="1.0" encoding="UTF-8" ?>
<testsuite errors="0" failures="1" hostname="Serah.local" name="gtunes.SongTests" tests="1" time="0.317" timestamp="2014-01-30T09:30:55">
  <properties />
  <testcase classname="gtunes.SongTests" name="testSomething" time="0.149">
    <failure message="junit.framework.AssertionFailedError: Implement me" type="junit.framework.AssertionFailedError">junit.framework.AssertionFailedError: junit.framework.AssertionFailedError: Implement me
	at gtunes.SongTests.testSomething(SongTests.groovy:15)
</failure>
  </testcase>
  <system-out><![CDATA[--Output from testSomething--
]]></system-out>
  <system-err><![CDATA[--Output from testSomething--
]]></system-err>
</testsuite>
