<?xml version="1.0" encoding="UTF-8" ?>
<testsuite errors="0" failures="0" hostname="Serah.local" name="gtunes.StoreControllerTests" tests="1" time="0.387" timestamp="2014-01-30T09:30:55">
  <properties />
  <testcase classname="gtunes.StoreControllerTests" name="testSomething" time="0.291" />
  <system-out><![CDATA[--Output from testSomething--
]]></system-out>
  <system-err><![CDATA[--Output from testSomething--
]]></system-err>
</testsuite>
